#
# A fatal error has been detected by the Java Runtime Environment:
#
#  EXCEPTION_ACCESS_VIOLATION (0xc0000005) at pc=0x0000000180005b6b, pid=5720, tid=2676
#
# JRE version: Java(TM) SE Runtime Environment (8.0_20-b26) (build 1.8.0_20-b26)
# Java VM: Java HotSpot(TM) 64-Bit Server VM (25.20-b23 mixed mode windows-amd64 compressed oops)
# Problematic frame:
# C  [rxtxSerial.dll+0x5b6b]
#
# Failed to write core dump. Minidumps are not enabled by default on client versions of Windows
#
# If you would like to submit a bug report, please visit:
#   http://bugreport.sun.com/bugreport/crash.jsp
# The crash happened outside the Java Virtual Machine in native code.
# See problematic frame for where to report the bug.
#

---------------  T H R E A D  ---------------

Current thread (0x0000000059049800):  JavaThread "Thread-4" [_thread_in_native, id=2676, stack(0x000000005a4a0000,0x000000005a5a0000)]

siginfo: ExceptionCode=0xc0000005, writing address 0x000000005a34f278

Registers:
RAX=0x00000000ffffffff, RBX=0x0000000000000000, RCX=0x0000000000000000, RDX=0x0000000000000000
RSP=0x000000005a59f370, RBP=0x00000000ffffffff, RSI=0x0000000000000009, RDI=0x0000000000000001
R8 =0x000007fffff82000, R9 =0x0000000180000000, R10=0x0000000000000000, R11=0x0000000000000200
R12=0x000000005a34f270, R13=0x0000000000000001, R14=0x0000000000000000, R15=0x0000000000000000
RIP=0x0000000180005b6b, EFLAGS=0x0000000000010286

Top of Stack: (sp=0x000000005a59f370)
0x000000005a59f370:   0000000000000000 0000000000000000
0x000000005a59f380:   0000000000000000 0000000000000000
0x000000005a59f390:   0000000059049800 000000005a59f4e0
0x000000005a59f3a0:   0000000002ade44c 000000005a59f4a0
0x000000005a59f3b0:   ffffffffffffffff 0000000000000001
0x000000005a59f3c0:   000000005904c358 0000000180005f3f
0x000000005a59f3d0:   00000000590499e8 000000005904c358
0x000000005a59f3e0:   0000000000000001 000000005a59f400
0x000000005a59f3f0:   0000000000000001 00000000ffffffff
0x000000005a59f400:   000000001506d40a 000000005a59f4a0
0x000000005a59f410:   0000000000000003 0000000059049800
0x000000005a59f420:   0000000059049800 0000000060d0b0b6
0x000000005a59f430:   000000001506d4b8 0000000000000c00
0x000000005a59f440:   00000000e5c1c620 0000000060cb0a31
0x000000005a59f450:   00002db5bb86b6a1 000000005a59f5b0
0x000000005a59f460:   0000000000000000 00000000e5c51480 

Instructions: (pc=0x0000000180005b6b)
0x0000000180005b4b:   31 00 00 85 c0 78 33 74 06 03 d8 2b f8 eb 0a b9
0x0000000180005b5b:   e8 03 00 00 e8 1c 1c 00 00 41 3b dd 7c b7 8b c3
0x0000000180005b6b:   45 89 74 24 08 48 8b 5c 24 60 48 83 c4 20 41 5f
0x0000000180005b7b:   41 5e 41 5d 41 5c 5f 5e 5d c3 e8 1e 61 00 00 83 


Register to memory mapping:

RAX=0x00000000ffffffff is an unallocated location in the heap
RBX=0x0000000000000000 is an unknown value
RCX=0x0000000000000000 is an unknown value
RDX=0x0000000000000000 is an unknown value
RSP=0x000000005a59f370 is pointing into the stack for thread: 0x0000000059049800
RBP=0x00000000ffffffff is an unallocated location in the heap
RSI=0x0000000000000009 is an unknown value
RDI=0x0000000000000001 is an unknown value
R8 =0x000007fffff82000 is an unknown value
R9 =0x0000000180000000 is an unknown value
R10=0x0000000000000000 is an unknown value
R11=0x0000000000000200 is an unknown value
R12=0x000000005a34f270 is an unknown value
R13=0x0000000000000001 is an unknown value
R14=0x0000000000000000 is an unknown value
R15=0x0000000000000000 is an unknown value


Stack: [0x000000005a4a0000,0x000000005a5a0000],  sp=0x000000005a59f370,  free space=1020k
Native frames: (J=compiled Java code, j=interpreted, Vv=VM code, C=native code)
C  [rxtxSerial.dll+0x5b6b]
C  [rxtxSerial.dll+0x5f3f]
C  0x00000000029803b9

Java frames: (J=compiled Java code, j=interpreted, Vv=VM code)
J 365  gnu.io.RXTXPort.readByte()I (0 bytes) @ 0x000000000298033b [0x0000000002980300+0x3b]
J 790% C2 com.mauro.javaduino.conection.ReaderWriterArduino.recibir()V (81 bytes) @ 0x0000000002addce0 [0x0000000002add960+0x380]
j  com.mauro.javaduino.conection.ReaderWriterArduino.lambda$0()V+1
j  com.mauro.javaduino.conection.ReaderWriterArduino$$Lambda$15.run()V+4
j  java.lang.Thread.run()V+11
v  ~StubRoutines::call_stub

---------------  P R O C E S S  ---------------

Java Threads: ( => current thread )
=>0x0000000059049800 JavaThread "Thread-4" [_thread_in_native, id=2676, stack(0x000000005a4a0000,0x000000005a5a0000)]
  0x0000000058f9b000 JavaThread "Thread-1" [_thread_blocked, id=5312, stack(0x0000000058910000,0x0000000058a10000)]
  0x00000000021c8800 JavaThread "DestroyJavaVM" [_thread_blocked, id=2628, stack(0x00000000023e0000,0x00000000024e0000)]
  0x00000000571d9000 JavaThread "AWT-EventQueue-0" [_thread_blocked, id=2596, stack(0x0000000058a10000,0x0000000058b10000)]
  0x0000000057048800 JavaThread "AWT-Windows" daemon [_thread_in_native, id=5468, stack(0x00000000577e0000,0x00000000578e0000)]
  0x000000005701f000 JavaThread "AWT-Shutdown" [_thread_blocked, id=5436, stack(0x0000000058610000,0x0000000058710000)]
  0x000000005701c800 JavaThread "Java2D Disposer" daemon [_thread_blocked, id=2328, stack(0x00000000583f0000,0x00000000584f0000)]
  0x0000000056eae800 JavaThread "Service Thread" daemon [_thread_blocked, id=6000, stack(0x0000000058050000,0x0000000058150000)]
  0x0000000056e75000 JavaThread "C1 CompilerThread2" daemon [_thread_blocked, id=3352, stack(0x0000000057f40000,0x0000000058040000)]
  0x0000000056e3f000 JavaThread "C2 CompilerThread1" daemon [_thread_blocked, id=2180, stack(0x0000000057da0000,0x0000000057ea0000)]
  0x0000000056e3b800 JavaThread "C2 CompilerThread0" daemon [_thread_blocked, id=5424, stack(0x0000000057630000,0x0000000057730000)]
  0x0000000055a5f000 JavaThread "JDWP Command Reader" daemon [_thread_in_native, id=5032, stack(0x00000000579b0000,0x0000000057ab0000)]
  0x0000000055a5d000 JavaThread "JDWP Event Helper Thread" daemon [_thread_blocked, id=5724, stack(0x0000000057be0000,0x0000000057ce0000)]
  0x0000000056e27000 JavaThread "JDWP Transport Listener: dt_socket" daemon [_thread_blocked, id=5160, stack(0x0000000057ab0000,0x0000000057bb0000)]
  0x0000000056e20800 JavaThread "Attach Listener" daemon [_thread_blocked, id=5980, stack(0x0000000057530000,0x0000000057630000)]
  0x0000000055a54800 JavaThread "Signal Dispatcher" daemon [_thread_blocked, id=524, stack(0x00000000573c0000,0x00000000574c0000)]
  0x00000000559f6800 JavaThread "Finalizer" daemon [_thread_blocked, id=6116, stack(0x0000000056d20000,0x0000000056e20000)]
  0x00000000559ed800 JavaThread "Reference Handler" daemon [_thread_blocked, id=3588, stack(0x00000000569a0000,0x0000000056aa0000)]

Other Threads:
  0x00000000559e8000 VMThread [stack: 0x0000000056b00000,0x0000000056c00000] [id=2512]
  0x0000000056eb0000 WatcherThread [stack: 0x0000000058260000,0x0000000058360000] [id=5976]

VM state:not at safepoint (normal execution)

VM Mutex/Monitor currently owned by a thread: None

Heap:
 PSYoungGen      total 56832K, used 4674K [0x00000000e5980000, 0x00000000e9680000, 0x0000000100000000)
  eden space 55296K, 6% used [0x00000000e5980000,0x00000000e5ce8a10,0x00000000e8f80000)
  from space 1536K, 77% used [0x00000000e9500000,0x00000000e9628000,0x00000000e9680000)
  to   space 3072K, 0% used [0x00000000e9080000,0x00000000e9080000,0x00000000e9380000)
 ParOldGen       total 75776K, used 12216K [0x00000000b0c00000, 0x00000000b5600000, 0x00000000e5980000)
  object space 75776K, 16% used [0x00000000b0c00000,0x00000000b17ee2e0,0x00000000b5600000)
 Metaspace       used 9981K, capacity 10102K, committed 10240K, reserved 1058816K
  class space    used 1158K, capacity 1219K, committed 1280K, reserved 1048576K

Card table byte_map: [0x0000000011b70000,0x0000000011df0000] byte_map_base: 0x00000000115ea000

Marking Bits: (ParMarkBitMap*) 0x00000000613eb460
 Begin Bits: [0x0000000012640000, 0x0000000013a10000)
 End Bits:   [0x0000000013a10000, 0x0000000014de0000)

Polling page: 0x0000000000120000

CodeCache: size=245760Kb used=3249Kb max_used=3265Kb free=242510Kb
 bounds [0x00000000027b0000, 0x0000000002af0000, 0x00000000117b0000]
 total_blobs=1231 nmethods=785 adapters=368
 compilation: enabled

Compilation events (10 events):
Event: 3.714 Thread 0x0000000056e75000  786       3       java.lang.ref.ReferenceQueue::reallyPoll (66 bytes)
Event: 3.715 Thread 0x0000000056e75000 nmethod 786 0x0000000002aaa810 code [0x0000000002aaa980, 0x0000000002aaadd0]
Event: 3.715 Thread 0x0000000056e75000  787   !   3       java.lang.ref.ReferenceQueue::enqueue (119 bytes)
Event: 3.715 Thread 0x0000000056e75000 nmethod 787 0x0000000002aa2cd0 code [0x0000000002aa2e80, 0x0000000002aa3608]
Event: 3.716 Thread 0x0000000056e75000  788   !   3       sun.java2d.Disposer::clearDeferredRecords (70 bytes)
Event: 3.717 Thread 0x0000000056e75000 nmethod 788 0x0000000002ad8850 code [0x0000000002ad8aa0, 0x0000000002ad9638]
Event: 4.226 Thread 0x0000000056e3b800  789 %     4       com.mauro.javaduino.view.InicioView$4::run @ 16 (115 bytes)
Event: 4.359 Thread 0x0000000056e3b800 nmethod 789% 0x0000000002ae0d50 code [0x0000000002ae1020, 0x0000000002ae32e0]
Event: 4.735 Thread 0x0000000056e3f000  790 % !   4       com.mauro.javaduino.conection.ReaderWriterArduino::recibir @ 3 (81 bytes)
Event: 4.838 Thread 0x0000000056e3f000 nmethod 790% 0x0000000002add750 code [0x0000000002add960, 0x0000000002adea90]

GC Heap History (10 events):
Event: 1.283 GC heap before
{Heap before GC invocations=1 (full 0):
 PSYoungGen      total 24064K, used 20992K [0x00000000e5980000, 0x00000000e7400000, 0x0000000100000000)
  eden space 20992K, 100% used [0x00000000e5980000,0x00000000e6e00000,0x00000000e6e00000)
  from space 3072K, 0% used [0x00000000e7100000,0x00000000e7100000,0x00000000e7400000)
  to   space 3072K, 0% used [0x00000000e6e00000,0x00000000e6e00000,0x00000000e7100000)
 ParOldGen       total 54784K, used 0K [0x00000000b0c00000, 0x00000000b4180000, 0x00000000e5980000)
  object space 54784K, 0% used [0x00000000b0c00000,0x00000000b0c00000,0x00000000b4180000)
 Metaspace       used 7646K, capacity 7770K, committed 7936K, reserved 1056768K
  class space    used 886K, capacity 961K, committed 1024K, reserved 1048576K
Event: 1.297 GC heap after
Heap after GC invocations=1 (full 0):
 PSYoungGen      total 24064K, used 1408K [0x00000000e5980000, 0x00000000e8880000, 0x0000000100000000)
  eden space 20992K, 0% used [0x00000000e5980000,0x00000000e5980000,0x00000000e6e00000)
  from space 3072K, 45% used [0x00000000e6e00000,0x00000000e6f60020,0x00000000e7100000)
  to   space 3072K, 0% used [0x00000000e8580000,0x00000000e8580000,0x00000000e8880000)
 ParOldGen       total 54784K, used 24308K [0x00000000b0c00000, 0x00000000b4180000, 0x00000000e5980000)
  object space 54784K, 44% used [0x00000000b0c00000,0x00000000b23bd030,0x00000000b4180000)
 Metaspace       used 7646K, capacity 7770K, committed 7936K, reserved 1056768K
  class space    used 886K, capacity 961K, committed 1024K, reserved 1048576K
}
Event: 2.127 GC heap before
{Heap before GC invocations=2 (full 0):
 PSYoungGen      total 24064K, used 22400K [0x00000000e5980000, 0x00000000e8880000, 0x0000000100000000)
  eden space 20992K, 100% used [0x00000000e5980000,0x00000000e6e00000,0x00000000e6e00000)
  from space 3072K, 45% used [0x00000000e6e00000,0x00000000e6f60020,0x00000000e7100000)
  to   space 3072K, 0% used [0x00000000e8580000,0x00000000e8580000,0x00000000e8880000)
 ParOldGen       total 54784K, used 24308K [0x00000000b0c00000, 0x00000000b4180000, 0x00000000e5980000)
  object space 54784K, 44% used [0x00000000b0c00000,0x00000000b23bd030,0x00000000b4180000)
 Metaspace       used 9603K, capacity 9712K, committed 9984K, reserved 1058816K
  class space    used 1120K, capacity 1156K, committed 1280K, reserved 1048576K
Event: 2.137 GC heap after
Heap after GC invocations=2 (full 0):
 PSYoungGen      total 45056K, used 3053K [0x00000000e5980000, 0x00000000e8880000, 0x0000000100000000)
  eden space 41984K, 0% used [0x00000000e5980000,0x00000000e5980000,0x00000000e8280000)
  from space 3072K, 99% used [0x00000000e8580000,0x00000000e887b790,0x00000000e8880000)
  to   space 3072K, 0% used [0x00000000e8280000,0x00000000e8280000,0x00000000e8580000)
 ParOldGen       total 54784K, used 25323K [0x00000000b0c00000, 0x00000000b4180000, 0x00000000e5980000)
  object space 54784K, 46% used [0x00000000b0c00000,0x00000000b24baea8,0x00000000b4180000)
 Metaspace       used 9603K, capacity 9712K, committed 9984K, reserved 1058816K
  class space    used 1120K, capacity 1156K, committed 1280K, reserved 1048576K
}
Event: 2.137 GC heap before
{Heap before GC invocations=3 (full 1):
 PSYoungGen      total 45056K, used 3053K [0x00000000e5980000, 0x00000000e8880000, 0x0000000100000000)
  eden space 41984K, 0% used [0x00000000e5980000,0x00000000e5980000,0x00000000e8280000)
  from space 3072K, 99% used [0x00000000e8580000,0x00000000e887b790,0x00000000e8880000)
  to   space 3072K, 0% used [0x00000000e8280000,0x00000000e8280000,0x00000000e8580000)
 ParOldGen       total 54784K, used 25323K [0x00000000b0c00000, 0x00000000b4180000, 0x00000000e5980000)
  object space 54784K, 46% used [0x00000000b0c00000,0x00000000b24baea8,0x00000000b4180000)
 Metaspace       used 9603K, capacity 9712K, committed 9984K, reserved 1058816K
  class space    used 1120K, capacity 1156K, committed 1280K, reserved 1048576K
Event: 2.166 GC heap after
Heap after GC invocations=3 (full 1):
 PSYoungGen      total 45056K, used 0K [0x00000000e5980000, 0x00000000e8880000, 0x0000000100000000)
  eden space 41984K, 0% used [0x00000000e5980000,0x00000000e5980000,0x00000000e8280000)
  from space 3072K, 0% used [0x00000000e8580000,0x00000000e8580000,0x00000000e8880000)
  to   space 3072K, 0% used [0x00000000e8280000,0x00000000e8280000,0x00000000e8580000)
 ParOldGen       total 75776K, used 12200K [0x00000000b0c00000, 0x00000000b5600000, 0x00000000e5980000)
  object space 75776K, 16% used [0x00000000b0c00000,0x00000000b17ea2e0,0x00000000b5600000)
 Metaspace       used 9602K, capacity 9710K, committed 9984K, reserved 1058816K
  class space    used 1119K, capacity 1155K, committed 1280K, reserved 1048576K
}
Event: 3.704 GC heap before
{Heap before GC invocations=4 (full 1):
 PSYoungGen      total 45056K, used 41984K [0x00000000e5980000, 0x00000000e8880000, 0x0000000100000000)
  eden space 41984K, 100% used [0x00000000e5980000,0x00000000e8280000,0x00000000e8280000)
  from space 3072K, 0% used [0x00000000e8580000,0x00000000e8580000,0x00000000e8880000)
  to   space 3072K, 0% used [0x00000000e8280000,0x00000000e8280000,0x00000000e8580000)
 ParOldGen       total 75776K, used 12200K [0x00000000b0c00000, 0x00000000b5600000, 0x00000000e5980000)
  object space 75776K, 16% used [0x00000000b0c00000,0x00000000b17ea2e0,0x00000000b5600000)
 Metaspace       used 9977K, capacity 10102K, committed 10240K, reserved 1058816K
  class space    used 1158K, capacity 1219K, committed 1280K, reserved 1048576K
Event: 3.712 GC heap after
Heap after GC invocations=4 (full 1):
 PSYoungGen      total 45056K, used 1200K [0x00000000e5980000, 0x00000000e9800000, 0x0000000100000000)
  eden space 41984K, 0% used [0x00000000e5980000,0x00000000e5980000,0x00000000e8280000)
  from space 3072K, 39% used [0x00000000e8280000,0x00000000e83ac010,0x00000000e8580000)
  to   space 3072K, 0% used [0x00000000e9500000,0x00000000e9500000,0x00000000e9800000)
 ParOldGen       total 75776K, used 12208K [0x00000000b0c00000, 0x00000000b5600000, 0x00000000e5980000)
  object space 75776K, 16% used [0x00000000b0c00000,0x00000000b17ec2e0,0x00000000b5600000)
 Metaspace       used 9977K, capacity 10102K, committed 10240K, reserved 1058816K
  class space    used 1158K, capacity 1219K, committed 1280K, reserved 1048576K
}
Event: 20.542 GC heap before
{Heap before GC invocations=5 (full 1):
 PSYoungGen      total 45056K, used 43184K [0x00000000e5980000, 0x00000000e9800000, 0x0000000100000000)
  eden space 41984K, 100% used [0x00000000e5980000,0x00000000e8280000,0x00000000e8280000)
  from space 3072K, 39% used [0x00000000e8280000,0x00000000e83ac010,0x00000000e8580000)
  to   space 3072K, 0% used [0x00000000e9500000,0x00000000e9500000,0x00000000e9800000)
 ParOldGen       total 75776K, used 12208K [0x00000000b0c00000, 0x00000000b5600000, 0x00000000e5980000)
  object space 75776K, 16% used [0x00000000b0c00000,0x00000000b17ec2e0,0x00000000b5600000)
 Metaspace       used 9981K, capacity 10102K, committed 10240K, reserved 1058816K
  class space    used 1158K, capacity 1219K, committed 1280K, reserved 1048576K
Event: 20.545 GC heap after
Heap after GC invocations=5 (full 1):
 PSYoungGen      total 56832K, used 1184K [0x00000000e5980000, 0x00000000e9680000, 0x0000000100000000)
  eden space 55296K, 0% used [0x00000000e5980000,0x00000000e5980000,0x00000000e8f80000)
  from space 1536K, 77% used [0x00000000e9500000,0x00000000e9628000,0x00000000e9680000)
  to   space 3072K, 0% used [0x00000000e9080000,0x00000000e9080000,0x00000000e9380000)
 ParOldGen       total 75776K, used 12216K [0x00000000b0c00000, 0x00000000b5600000, 0x00000000e5980000)
  object space 75776K, 16% used [0x00000000b0c00000,0x00000000b17ee2e0,0x00000000b5600000)
 Metaspace       used 9981K, capacity 10102K, committed 10240K, reserved 1058816K
  class space    used 1158K, capacity 1219K, committed 1280K, reserved 1048576K
}

Deoptimization events (6 events):
Event: 2.173 Thread 0x00000000571d9000 Uncommon trap: reason=class_check action=maybe_recompile pc=0x000000000297658c method=java.lang.String.equals(Ljava/lang/Object;)Z @ 8
Event: 2.173 Thread 0x00000000571d9000 Uncommon trap: reason=class_check action=maybe_recompile pc=0x000000000297658c method=java.lang.String.equals(Ljava/lang/Object;)Z @ 8
Event: 2.173 Thread 0x00000000571d9000 Uncommon trap: reason=class_check action=maybe_recompile pc=0x000000000297658c method=java.lang.String.equals(Ljava/lang/Object;)Z @ 8
Event: 2.173 Thread 0x00000000571d9000 Uncommon trap: reason=class_check action=maybe_recompile pc=0x000000000297658c method=java.lang.String.equals(Ljava/lang/Object;)Z @ 8
Event: 2.422 Thread 0x00000000571d9000 Uncommon trap: reason=unloaded action=reinterpret pc=0x00000000029b9848 method=java.lang.CharacterData.of(I)Ljava/lang/CharacterData; @ 96
Event: 2.460 Thread 0x00000000571d9000 Uncommon trap: reason=uninitialized action=reinterpret pc=0x0000000002a8aadc method=java.lang.CharacterData.of(I)Ljava/lang/CharacterData; @ 96

Internal exceptions (10 events):
Event: 1.456 Thread 0x0000000058f9b000 Exception <a 'java/io/FileNotFoundException'> (0x00000000e5c4ab38) thrown at [D:\re\workspace\8-2-build-windows-amd64-cygwin\jdk8u20\1074\hotspot\src\share\vm\prims\jni.cpp, line 716]
Event: 1.459 Thread 0x0000000058f9b000 Exception <a 'java/io/FileNotFoundException'> (0x00000000e5c91d90) thrown at [D:\re\workspace\8-2-build-windows-amd64-cygwin\jdk8u20\1074\hotspot\src\share\vm\prims\jni.cpp, line 716]
Event: 1.464 Thread 0x0000000058f9b000 Exception <a 'java/io/FileNotFoundException'> (0x00000000e5cab158) thrown at [D:\re\workspace\8-2-build-windows-amd64-cygwin\jdk8u20\1074\hotspot\src\share\vm\prims\jni.cpp, line 716]
Event: 1.465 Thread 0x0000000058f9b000 Exception <a 'java/security/PrivilegedActionException'> (0x00000000e5cbc108) thrown at [D:\re\workspace\8-2-build-windows-amd64-cygwin\jdk8u20\1074\hotspot\src\share\vm\prims\jvm.cpp, line 1275]
Event: 1.467 Thread 0x0000000058f9b000 Exception <a 'java/security/PrivilegedActionException'> (0x00000000e5cbfbb8) thrown at [D:\re\workspace\8-2-build-windows-amd64-cygwin\jdk8u20\1074\hotspot\src\share\vm\prims\jvm.cpp, line 1275]
Event: 1.468 Thread 0x0000000058f9b000 Exception <a 'java/security/PrivilegedActionException'> (0x00000000e5cc3d28) thrown at [D:\re\workspace\8-2-build-windows-amd64-cygwin\jdk8u20\1074\hotspot\src\share\vm\prims\jvm.cpp, line 1275]
Event: 1.469 Thread 0x0000000058f9b000 Exception <a 'java/security/PrivilegedActionException'> (0x00000000e5cc8330) thrown at [D:\re\workspace\8-2-build-windows-amd64-cygwin\jdk8u20\1074\hotspot\src\share\vm\prims\jvm.cpp, line 1275]
Event: 1.470 Thread 0x0000000058f9b000 Exception <a 'java/security/PrivilegedActionException'> (0x00000000e5ccc820) thrown at [D:\re\workspace\8-2-build-windows-amd64-cygwin\jdk8u20\1074\hotspot\src\share\vm\prims\jvm.cpp, line 1275]
Event: 1.491 Thread 0x0000000058f9b000 Exception <a 'java/security/PrivilegedActionException'> (0x00000000e5cd1550) thrown at [D:\re\workspace\8-2-build-windows-amd64-cygwin\jdk8u20\1074\hotspot\src\share\vm\prims\jvm.cpp, line 1275]
Event: 1.512 Thread 0x0000000058f9b000 Exception <a 'java/security/PrivilegedActionException'> (0x00000000e5cf3890) thrown at [D:\re\workspace\8-2-build-windows-amd64-cygwin\jdk8u20\1074\hotspot\src\share\vm\prims\jvm.cpp, line 1275]

Events (10 events):
Event: 20.545 Executing VM operation: ParallelGCFailedAllocation done
Event: 22.937 Thread 0x0000000059049000 Thread exited: 0x0000000059049000
Event: 22.937 Executing VM operation: GetCurrentLocation
Event: 22.937 Executing VM operation: GetCurrentLocation done
Event: 22.937 Executing VM operation: ChangeSingleStep
Event: 22.937 Executing VM operation: ChangeSingleStep done
Event: 22.937 Executing VM operation: ChangeSingleStep
Event: 22.937 Executing VM operation: ChangeSingleStep done
Event: 22.964 Executing VM operation: GetOrSetLocal
Event: 22.964 Executing VM operation: GetOrSetLocal done


Dynamic libraries:
0x000000013f520000 - 0x000000013f554000 	C:\Program Files\Java\jdk1.8.0_20\bin\javaw.exe
0x0000000077530000 - 0x00000000776d9000 	C:\Windows\SYSTEM32\ntdll.dll
0x0000000077410000 - 0x000000007752f000 	C:\Windows\system32\kernel32.dll
0x000007fefd650000 - 0x000007fefd6bb000 	C:\Windows\system32\KERNELBASE.dll
0x000007fefe770000 - 0x000007fefe84b000 	C:\Windows\system32\ADVAPI32.dll
0x000007fefe850000 - 0x000007fefe8ef000 	C:\Windows\system32\msvcrt.dll
0x000007fefe450000 - 0x000007fefe46f000 	C:\Windows\SYSTEM32\sechost.dll
0x000007fefd9c0000 - 0x000007fefdaed000 	C:\Windows\system32\RPCRT4.dll
0x0000000077310000 - 0x000000007740a000 	C:\Windows\system32\USER32.dll
0x000007fefe6a0000 - 0x000007fefe707000 	C:\Windows\system32\GDI32.dll
0x000007fefd9b0000 - 0x000007fefd9be000 	C:\Windows\system32\LPK.dll
0x000007fefe8f0000 - 0x000007fefe9b9000 	C:\Windows\system32\USP10.dll
0x000007fefbdf0000 - 0x000007fefbfe4000 	C:\Windows\WinSxS\amd64_microsoft.windows.common-controls_6595b64144ccf1df_6.0.7601.17514_none_fa396087175ac9ac\COMCTL32.dll
0x000007fefd930000 - 0x000007fefd9a1000 	C:\Windows\system32\SHLWAPI.dll
0x000007fefea80000 - 0x000007fefeaae000 	C:\Windows\system32\IMM32.DLL
0x000007fefdf30000 - 0x000007fefe039000 	C:\Windows\system32\MSCTF.dll
0x0000000069730000 - 0x0000000069802000 	C:\Program Files\Java\jdk1.8.0_20\jre\bin\msvcr100.dll
0x0000000060c10000 - 0x0000000061468000 	C:\Program Files\Java\jdk1.8.0_20\jre\bin\server\jvm.dll
0x000007fee8170000 - 0x000007fee8179000 	C:\Windows\system32\WSOCK32.dll
0x000007fefe470000 - 0x000007fefe4bd000 	C:\Windows\system32\WS2_32.dll
0x000007fefdcc0000 - 0x000007fefdcc8000 	C:\Windows\system32\NSI.dll
0x000007fefa8f0000 - 0x000007fefa92b000 	C:\Windows\system32\WINMM.dll
0x00000000776f0000 - 0x00000000776f7000 	C:\Windows\system32\PSAPI.DLL
0x000000006b610000 - 0x000000006b61f000 	C:\Program Files\Java\jdk1.8.0_20\jre\bin\verify.dll
0x000000006a240000 - 0x000000006a268000 	C:\Program Files\Java\jdk1.8.0_20\jre\bin\java.dll
0x0000000069df0000 - 0x0000000069e25000 	C:\Program Files\Java\jdk1.8.0_20\jre\bin\jdwp.dll
0x000000006a140000 - 0x000000006a148000 	C:\Program Files\Java\jdk1.8.0_20\jre\bin\npt.dll
0x0000000069900000 - 0x0000000069916000 	C:\Program Files\Java\jdk1.8.0_20\jre\bin\zip.dll
0x000007fefeab0000 - 0x000007feff838000 	C:\Windows\system32\SHELL32.dll
0x000007fefe040000 - 0x000007fefe243000 	C:\Windows\system32\ole32.dll
0x000007fefd480000 - 0x000007fefd48f000 	C:\Windows\system32\profapi.dll
0x00000000698f0000 - 0x00000000698f9000 	C:\Program Files\Java\jdk1.8.0_20\jre\bin\dt_socket.dll
0x000007fefb4c0000 - 0x000007fefb4d5000 	C:\Windows\system32\NLAapi.dll
0x000007fef8300000 - 0x000007fef8315000 	C:\Windows\system32\napinsp.dll
0x000007fee7fd0000 - 0x000007fee7fe9000 	C:\Windows\system32\pnrpnsp.dll
0x000007fee7fc0000 - 0x000007fee7fd0000 	C:\Windows\system32\wshbth.dll
0x000007fefccb0000 - 0x000007fefcd05000 	C:\Windows\System32\mswsock.dll
0x000007fefcb30000 - 0x000007fefcb8b000 	C:\Windows\system32\DNSAPI.dll
0x000007fee4470000 - 0x000007fee447b000 	C:\Windows\System32\winrnr.dll
0x000007fefb020000 - 0x000007fefb047000 	C:\Windows\system32\IPHLPAPI.DLL
0x000007fefb010000 - 0x000007fefb01b000 	C:\Windows\system32\WINNSI.DLL
0x000007fefadf0000 - 0x000007fefae43000 	C:\Windows\System32\fwpuclnt.dll
0x000007fef91e0000 - 0x000007fef91e8000 	C:\Windows\system32\rasadhlp.dll
0x000007fefc6b0000 - 0x000007fefc6b7000 	C:\Windows\System32\wshtcpip.dll
0x00000000692f0000 - 0x0000000069488000 	C:\Program Files\Java\jdk1.8.0_20\jre\bin\awt.dll
0x000007fefd850000 - 0x000007fefd927000 	C:\Windows\system32\OLEAUT32.dll
0x000007fefbc10000 - 0x000007fefbc66000 	C:\Windows\system32\uxtheme.dll
0x000007fefb830000 - 0x000007fefb848000 	C:\Windows\system32\dwmapi.dll
0x000007fefd370000 - 0x000007fefd37f000 	C:\Windows\system32\CRYPTBASE.dll
0x00000000696f0000 - 0x0000000069721000 	C:\Program Files\Java\jdk1.8.0_20\jre\bin\jpeg.dll
0x00000000696a0000 - 0x00000000696e7000 	C:\Program Files\Java\jdk1.8.0_20\jre\bin\fontmanager.dll
0x0000000180000000 - 0x0000000180025000 	C:\Program Files\Java\jdk1.8.0_20\bin\rxtxSerial.dll
0x000007fefe9e0000 - 0x000007fefea79000 	C:\Windows\system32\CLBCatQ.DLL
0x0000000069680000 - 0x000000006969a000 	C:\Program Files\Java\jdk1.8.0_20\jre\bin\net.dll
0x000007fefcca0000 - 0x000007fefcca7000 	C:\Windows\System32\wship6.dll
0x0000000069660000 - 0x0000000069671000 	C:\Program Files\Java\jdk1.8.0_20\jre\bin\nio.dll
0x0000000067d00000 - 0x0000000067d41000 	C:\Program Files\Java\jdk1.8.0_20\jre\bin\t2k.dll
0x000007fee18c0000 - 0x000007fee19e5000 	C:\Windows\system32\dbghelp.dll

VM Arguments:
jvm_args: -agentlib:jdwp=transport=dt_socket,suspend=y,address=localhost:3207 -Dfile.encoding=UTF-8 
java_command: com.mauro.javaduino.view.InicioView
java_class_path (initial): D:\workspaces\prueba\java-arduino\target\classes;D:\workspaces\prueba\utilitario-01\target\classes;C:\Users\MF\.m2\repository\rxtx\rxtx-comm\2.1\rxtx-comm-2.1.jar
Launcher Type: SUN_STANDARD

Environment Variables:
JAVA_HOME=C:\Program Files\Java\jdk1.8.0_20
PATH=C:\Program Files\Java\jdk1.8.0_20\jre\bin;C:/Program Files/Java/jre1.8.0_20/bin/server;C:/Program Files/Java/jre1.8.0_20/bin;C:/Program Files/Java/jre1.8.0_20/lib/amd64;C:\app\MF\product\11.1.0\db_2\bin;C:\ProgramData\Oracle\Java\javapath;C:\Windows\system32;C:\Windows;C:\Windows\System32\Wbem;C:\Windows\System32\WindowsPowerShell\v1.0\;C:\Program Files (x86)\Intel\OpenCL SDK\2.0\bin\x86;C:\Program Files (x86)\Intel\OpenCL SDK\2.0\bin\x64;C:\Program Files\Java\jdk1.8.0_20\bin;C:\Program Files\nodejs\;D:\tools\apache-maven-3.3.3\bin;C:\Program Files (x86)\Rational\common;c:\Program Files\Microsoft SQL Server\110\Tools\Binn\;c:\Program Files (x86)\Microsoft SQL Server\110\Tools\Binn\;c:\Program Files\Microsoft SQL Server\110\DTS\Binn\;c:\Program Files (x86)\Microsoft SQL Server\110\Tools\Binn\ManagementStudio\;c:\Program Files (x86)\Microsoft SQL Server\110\DTS\Binn\;C:\Program Files (x86)\Brackets\command;D:\tools\apache-maven-3.3.3\bin;C:\Program Files (x86)\Git\bin;C:\wamp64\bin\mysql\mysql5.7.11\bin;C:\Windows\Microsoft.NET\Framework64\v4.0.30319;C:\Program Files (x86)\Windows Kits\8.1\Windows Performance Toolkit\;C:\Program Files (x86)\Skype\Phone\;C:\Users\MF\AppData\Roaming\npm;D:\tools\eclipse-jee-mars-R-win32-x86_64;
USERNAME=MF
OS=Windows_NT
PROCESSOR_IDENTIFIER=Intel64 Family 6 Model 42 Stepping 7, GenuineIntel



---------------  S Y S T E M  ---------------

OS: Windows 7 , 64 bit Build 7601 Service Pack 1

CPU:total 4 (2 cores per cpu, 2 threads per core) family 6 model 42 stepping 7, cmov, cx8, fxsr, mmx, sse, sse2, sse3, ssse3, sse4.1, sse4.2, popcnt, avx, clmul, ht, tsc, tscinvbit

Memory: 4k page, physical 5189488k(945096k free), swap 10377112k(3612000k free)

vm_info: Java HotSpot(TM) 64-Bit Server VM (25.20-b23) for windows-amd64 JRE (1.8.0_20-b26), built on Jul 30 2014 13:51:23 by "java_re" with MS VC++ 10.0 (VS2010)

time: Sun Oct 23 22:35:41 2016
elapsed time: 23 seconds (0d 0h 0m 23s)

