#
# A fatal error has been detected by the Java Runtime Environment:
#
#  EXCEPTION_ACCESS_VIOLATION (0xc0000005) at pc=0x0000000180005b6b, pid=3504, tid=5716
#
# JRE version: Java(TM) SE Runtime Environment (8.0_20-b26) (build 1.8.0_20-b26)
# Java VM: Java HotSpot(TM) 64-Bit Server VM (25.20-b23 mixed mode windows-amd64 compressed oops)
# Problematic frame:
# C  [rxtxSerial.dll+0x5b6b]
#
# Failed to write core dump. Minidumps are not enabled by default on client versions of Windows
#
# If you would like to submit a bug report, please visit:
#   http://bugreport.sun.com/bugreport/crash.jsp
# The crash happened outside the Java Virtual Machine in native code.
# See problematic frame for where to report the bug.
#

---------------  T H R E A D  ---------------

Current thread (0x0000000058804000):  JavaThread "Thread-4" [_thread_in_native, id=5716, stack(0x0000000059280000,0x0000000059380000)]

siginfo: ExceptionCode=0xc0000005, writing address 0x000000005922eaf8

Registers:
RAX=0x00000000ffffffff, RBX=0x0000000000000000, RCX=0x0000000000000000, RDX=0x0000000000000000
RSP=0x000000005937f1d0, RBP=0x00000000ffffffff, RSI=0x000000000000000d, RDI=0x0000000000000001
R8 =0x000007fffff8c000, R9 =0x0000000180000000, R10=0x0000000000000000, R11=0x0000000000000200
R12=0x000000005922eaf0, R13=0x0000000000000001, R14=0x0000000000000000, R15=0x0000000000000000
RIP=0x0000000180005b6b, EFLAGS=0x0000000000010286

Top of Stack: (sp=0x000000005937f1d0)
0x000000005937f1d0:   0000000000000000 0000000000000000
0x000000005937f1e0:   0000000000000000 0000000000000000
0x000000005937f1f0:   0000000058804000 000000005937f340
0x000000005937f200:   00000000e8103850 000000005937f300
0x000000005937f210:   ffffffffffffffff 0000000000000001
0x000000005937f220:   0000000058814cb8 0000000180005f3f
0x000000005937f230:   00000000588041e8 00000000588041e8
0x000000005937f240:   0000000000000001 000000005937f260
0x000000005937f250:   0000000000000001 00000000ffffffff
0x000000005937f260:   0000000014f20230 000000005937f300
0x000000005937f270:   00000000e80f8180 0000000060cf52c1
0x000000005937f280:   0000000014f20208 0000000000000001
0x000000005937f290:   0000000058804000 0000000000000010
0x000000005937f2a0:   00000000e80f8180 0000000060cb0a31
0x000000005937f2b0:   00002db5e423307e 000000005937f3f0
0x000000005937f2c0:   0000000000000000 0000000014f216d0 

Instructions: (pc=0x0000000180005b6b)
0x0000000180005b4b:   31 00 00 85 c0 78 33 74 06 03 d8 2b f8 eb 0a b9
0x0000000180005b5b:   e8 03 00 00 e8 1c 1c 00 00 41 3b dd 7c b7 8b c3
0x0000000180005b6b:   45 89 74 24 08 48 8b 5c 24 60 48 83 c4 20 41 5f
0x0000000180005b7b:   41 5e 41 5d 41 5c 5f 5e 5d c3 e8 1e 61 00 00 83 


Register to memory mapping:

RAX=0x00000000ffffffff is an unallocated location in the heap
RBX=0x0000000000000000 is an unknown value
RCX=0x0000000000000000 is an unknown value
RDX=0x0000000000000000 is an unknown value
RSP=0x000000005937f1d0 is pointing into the stack for thread: 0x0000000058804000
RBP=0x00000000ffffffff is an unallocated location in the heap
RSI=0x000000000000000d is an unknown value
RDI=0x0000000000000001 is an unknown value
R8 =0x000007fffff8c000 is an unknown value
R9 =0x0000000180000000 is an unknown value
R10=0x0000000000000000 is an unknown value
R11=0x0000000000000200 is an unknown value
R12=0x000000005922eaf0 is an unknown value
R13=0x0000000000000001 is an unknown value
R14=0x0000000000000000 is an unknown value
R15=0x0000000000000000 is an unknown value


Stack: [0x0000000059280000,0x0000000059380000],  sp=0x000000005937f1d0,  free space=1020k
Native frames: (J=compiled Java code, j=interpreted, Vv=VM code, C=native code)
C  [rxtxSerial.dll+0x5b6b]
C  [rxtxSerial.dll+0x5f3f]
C  0x0000000002a89ab9

Java frames: (J=compiled Java code, j=interpreted, Vv=VM code)
J 384  gnu.io.RXTXPort.readByte()I (0 bytes) @ 0x0000000002a89a3b [0x0000000002a89a00+0x3b]
J 780% C2 com.mauro.javaduino.conection.ReaderWriterArduino.recibir()V (81 bytes) @ 0x0000000002bb15b4 [0x0000000002bb13a0+0x214]
j  com.mauro.javaduino.conection.ReaderWriterArduino.lambda$0()V+1
j  com.mauro.javaduino.conection.ReaderWriterArduino$$Lambda$15.run()V+4
j  java.lang.Thread.run()V+11
v  ~StubRoutines::call_stub

---------------  P R O C E S S  ---------------

Java Threads: ( => current thread )
  0x0000000058818000 JavaThread "Image Fetcher 0" daemon [_thread_new, id=2916, stack(0x0000000000000000,0x0000000000000000)]
=>0x0000000058804000 JavaThread "Thread-4" [_thread_in_native, id=5716, stack(0x0000000059280000,0x0000000059380000)]
  0x00000000587ee800 JavaThread "Thread-1" [_thread_blocked, id=4240, stack(0x0000000059030000,0x0000000059130000)]
  0x000000000209e000 JavaThread "DestroyJavaVM" [_thread_blocked, id=6028, stack(0x00000000024e0000,0x00000000025e0000)]
  0x00000000571f6800 JavaThread "AWT-EventQueue-0" [_thread_blocked, id=3972, stack(0x0000000058120000,0x0000000058220000)]
  0x000000005717f800 JavaThread "AWT-Windows" daemon [_thread_in_native, id=5600, stack(0x0000000057e50000,0x0000000057f50000)]
  0x0000000057125000 JavaThread "AWT-Shutdown" [_thread_blocked, id=6036, stack(0x0000000057d10000,0x0000000057e10000)]
  0x0000000057064800 JavaThread "Java2D Disposer" daemon [_thread_blocked, id=2572, stack(0x0000000057b60000,0x0000000057c60000)]
  0x0000000056eed800 JavaThread "Service Thread" daemon [_thread_blocked, id=4448, stack(0x0000000057a10000,0x0000000057b10000)]
  0x0000000056e88800 JavaThread "C1 CompilerThread2" daemon [_thread_blocked, id=896, stack(0x0000000056b30000,0x0000000056c30000)]
  0x0000000056e87000 JavaThread "C2 CompilerThread1" daemon [_thread_blocked, id=960, stack(0x00000000577a0000,0x00000000578a0000)]
  0x0000000056e81000 JavaThread "C2 CompilerThread0" daemon [_thread_blocked, id=264, stack(0x0000000057590000,0x0000000057690000)]
  0x0000000056e80800 JavaThread "Attach Listener" daemon [_thread_blocked, id=5328, stack(0x00000000573a0000,0x00000000574a0000)]
  0x0000000055912800 JavaThread "Signal Dispatcher" daemon [_thread_blocked, id=6044, stack(0x0000000057280000,0x0000000057380000)]
  0x00000000558b4800 JavaThread "Finalizer" daemon [_thread_blocked, id=5244, stack(0x0000000056d80000,0x0000000056e80000)]
  0x00000000558ab800 JavaThread "Reference Handler" daemon [_thread_blocked, id=3728, stack(0x0000000056c50000,0x0000000056d50000)]

Other Threads:
  0x00000000558a5800 VMThread [stack: 0x00000000569f0000,0x0000000056af0000] [id=5492]
  0x0000000056ef0800 WatcherThread [stack: 0x00000000578c0000,0x00000000579c0000] [id=3840]

VM state:not at safepoint (normal execution)

VM Mutex/Monitor currently owned by a thread: None

Heap:
 PSYoungGen      total 45056K, used 40538K [0x00000000e5980000, 0x00000000e8880000, 0x0000000100000000)
  eden space 41984K, 96% used [0x00000000e5980000,0x00000000e81168a8,0x00000000e8280000)
  from space 3072K, 0% used [0x00000000e8580000,0x00000000e8580000,0x00000000e8880000)
  to   space 3072K, 0% used [0x00000000e8280000,0x00000000e8280000,0x00000000e8580000)
 ParOldGen       total 80896K, used 13027K [0x00000000b0c00000, 0x00000000b5b00000, 0x00000000e5980000)
  object space 80896K, 16% used [0x00000000b0c00000,0x00000000b18b8e88,0x00000000b5b00000)
 Metaspace       used 9967K, capacity 10110K, committed 10240K, reserved 1058816K
  class space    used 1184K, capacity 1219K, committed 1280K, reserved 1048576K

Card table byte_map: [0x0000000011c70000,0x0000000011ef0000] byte_map_base: 0x00000000116ea000

Marking Bits: (ParMarkBitMap*) 0x00000000613eb460
 Begin Bits: [0x0000000012500000, 0x00000000138d0000)
 End Bits:   [0x00000000138d0000, 0x0000000014ca0000)

Polling page: 0x0000000001c50000

CodeCache: size=245760Kb used=3082Kb max_used=3082Kb free=242678Kb
 bounds [0x00000000028b0000, 0x0000000002bc0000, 0x00000000118b0000]
 total_blobs=1238 nmethods=784 adapters=368
 compilation: enabled

Compilation events (10 events):
Event: 5.844 Thread 0x0000000056e88800  787       1       java.awt.Component::getHeight (5 bytes)
Event: 5.844 Thread 0x0000000056e88800 nmethod 787 0x0000000002b8bd50 code [0x0000000002b8bea0, 0x0000000002b8bfb0]
Event: 5.847 Thread 0x0000000056e88800  788       3       java.util.concurrent.locks.AbstractOwnableSynchronizer::setExclusiveOwnerThread (6 bytes)
Event: 5.847 Thread 0x0000000056e88800 nmethod 788 0x0000000002b8ba10 code [0x0000000002b8bb60, 0x0000000002b8bcd0]
Event: 5.906 Thread 0x0000000056e88800  789       1       sun.util.locale.StringTokenIterator::isDone (5 bytes)
Event: 5.906 Thread 0x0000000056e88800 nmethod 789 0x0000000002b8b750 code [0x0000000002b8b8a0, 0x0000000002b8b9b0]
Event: 6.288 Thread 0x0000000056e88800  790       3       java.awt.AWTKeyStroke::hashCode (36 bytes)
Event: 6.289 Thread 0x0000000056e88800 nmethod 790 0x0000000002b8a110 code [0x0000000002b8a260, 0x0000000002b8a430]
Event: 6.336 Thread 0x0000000056e88800  791       3       java.security.AccessControlContext::optimize (318 bytes)
Event: 6.343 Thread 0x0000000056e88800 nmethod 791 0x0000000002bb5990 code [0x0000000002bb5ce0, 0x0000000002bb77d8]

GC Heap History (6 events):
Event: 0.569 GC heap before
{Heap before GC invocations=1 (full 0):
 PSYoungGen      total 24064K, used 20992K [0x00000000e5980000, 0x00000000e7400000, 0x0000000100000000)
  eden space 20992K, 100% used [0x00000000e5980000,0x00000000e6e00000,0x00000000e6e00000)
  from space 3072K, 0% used [0x00000000e7100000,0x00000000e7100000,0x00000000e7400000)
  to   space 3072K, 0% used [0x00000000e6e00000,0x00000000e6e00000,0x00000000e7100000)
 ParOldGen       total 54784K, used 0K [0x00000000b0c00000, 0x00000000b4180000, 0x00000000e5980000)
  object space 54784K, 0% used [0x00000000b0c00000,0x00000000b0c00000,0x00000000b4180000)
 Metaspace       used 7560K, capacity 7714K, committed 7936K, reserved 1056768K
  class space    used 886K, capacity 961K, committed 1024K, reserved 1048576K
Event: 0.586 GC heap after
Heap after GC invocations=1 (full 0):
 PSYoungGen      total 24064K, used 1440K [0x00000000e5980000, 0x00000000e8880000, 0x0000000100000000)
  eden space 20992K, 0% used [0x00000000e5980000,0x00000000e5980000,0x00000000e6e00000)
  from space 3072K, 46% used [0x00000000e6e00000,0x00000000e6f68020,0x00000000e7100000)
  to   space 3072K, 0% used [0x00000000e8580000,0x00000000e8580000,0x00000000e8880000)
 ParOldGen       total 54784K, used 24308K [0x00000000b0c00000, 0x00000000b4180000, 0x00000000e5980000)
  object space 54784K, 44% used [0x00000000b0c00000,0x00000000b23bd030,0x00000000b4180000)
 Metaspace       used 7560K, capacity 7714K, committed 7936K, reserved 1056768K
  class space    used 886K, capacity 961K, committed 1024K, reserved 1048576K
}
Event: 1.422 GC heap before
{Heap before GC invocations=2 (full 0):
 PSYoungGen      total 24064K, used 22432K [0x00000000e5980000, 0x00000000e8880000, 0x0000000100000000)
  eden space 20992K, 100% used [0x00000000e5980000,0x00000000e6e00000,0x00000000e6e00000)
  from space 3072K, 46% used [0x00000000e6e00000,0x00000000e6f68020,0x00000000e7100000)
  to   space 3072K, 0% used [0x00000000e8580000,0x00000000e8580000,0x00000000e8880000)
 ParOldGen       total 54784K, used 24308K [0x00000000b0c00000, 0x00000000b4180000, 0x00000000e5980000)
  object space 54784K, 44% used [0x00000000b0c00000,0x00000000b23bd030,0x00000000b4180000)
 Metaspace       used 9604K, capacity 9752K, committed 9984K, reserved 1058816K
  class space    used 1125K, capacity 1188K, committed 1280K, reserved 1048576K
Event: 1.433 GC heap after
Heap after GC invocations=2 (full 0):
 PSYoungGen      total 45056K, used 3053K [0x00000000e5980000, 0x00000000e8880000, 0x0000000100000000)
  eden space 41984K, 0% used [0x00000000e5980000,0x00000000e5980000,0x00000000e8280000)
  from space 3072K, 99% used [0x00000000e8580000,0x00000000e887b790,0x00000000e8880000)
  to   space 3072K, 0% used [0x00000000e8280000,0x00000000e8280000,0x00000000e8580000)
 ParOldGen       total 54784K, used 26530K [0x00000000b0c00000, 0x00000000b4180000, 0x00000000e5980000)
  object space 54784K, 48% used [0x00000000b0c00000,0x00000000b25e8978,0x00000000b4180000)
 Metaspace       used 9604K, capacity 9752K, committed 9984K, reserved 1058816K
  class space    used 1125K, capacity 1188K, committed 1280K, reserved 1048576K
}
Event: 1.433 GC heap before
{Heap before GC invocations=3 (full 1):
 PSYoungGen      total 45056K, used 3053K [0x00000000e5980000, 0x00000000e8880000, 0x0000000100000000)
  eden space 41984K, 0% used [0x00000000e5980000,0x00000000e5980000,0x00000000e8280000)
  from space 3072K, 99% used [0x00000000e8580000,0x00000000e887b790,0x00000000e8880000)
  to   space 3072K, 0% used [0x00000000e8280000,0x00000000e8280000,0x00000000e8580000)
 ParOldGen       total 54784K, used 26530K [0x00000000b0c00000, 0x00000000b4180000, 0x00000000e5980000)
  object space 54784K, 48% used [0x00000000b0c00000,0x00000000b25e8978,0x00000000b4180000)
 Metaspace       used 9604K, capacity 9752K, committed 9984K, reserved 1058816K
  class space    used 1125K, capacity 1188K, committed 1280K, reserved 1048576K
Event: 1.546 GC heap after
Heap after GC invocations=3 (full 1):
 PSYoungGen      total 45056K, used 0K [0x00000000e5980000, 0x00000000e8880000, 0x0000000100000000)
  eden space 41984K, 0% used [0x00000000e5980000,0x00000000e5980000,0x00000000e8280000)
  from space 3072K, 0% used [0x00000000e8580000,0x00000000e8580000,0x00000000e8880000)
  to   space 3072K, 0% used [0x00000000e8280000,0x00000000e8280000,0x00000000e8580000)
 ParOldGen       total 80896K, used 13027K [0x00000000b0c00000, 0x00000000b5b00000, 0x00000000e5980000)
  object space 80896K, 16% used [0x00000000b0c00000,0x00000000b18b8e88,0x00000000b5b00000)
 Metaspace       used 9602K, capacity 9750K, committed 9984K, reserved 1058816K
  class space    used 1124K, capacity 1187K, committed 1280K, reserved 1048576K
}

Deoptimization events (8 events):
Event: 1.203 Thread 0x00000000571f6800 Uncommon trap: reason=class_check action=maybe_recompile pc=0x0000000002ab3344 method=java.lang.String.equals(Ljava/lang/Object;)Z @ 8
Event: 1.203 Thread 0x00000000571f6800 Uncommon trap: reason=class_check action=maybe_recompile pc=0x0000000002ab3344 method=java.lang.String.equals(Ljava/lang/Object;)Z @ 8
Event: 1.203 Thread 0x00000000571f6800 Uncommon trap: reason=class_check action=maybe_recompile pc=0x0000000002ab3344 method=java.lang.String.equals(Ljava/lang/Object;)Z @ 8
Event: 1.203 Thread 0x00000000571f6800 Uncommon trap: reason=class_check action=maybe_recompile pc=0x0000000002ab3344 method=java.lang.String.equals(Ljava/lang/Object;)Z @ 8
Event: 1.380 Thread 0x00000000571f6800 Uncommon trap: reason=unloaded action=reinterpret pc=0x0000000002acbb60 method=java.lang.CharacterData.of(I)Ljava/lang/CharacterData; @ 96
Event: 4.520 Thread 0x00000000571f6800 Uncommon trap: reason=class_check action=maybe_recompile pc=0x0000000002b3d95c method=java.util.HashMap.getNode(ILjava/lang/Object;)Ljava/util/HashMap$Node; @ 126
Event: 6.288 Thread 0x00000000571f6800 Uncommon trap: reason=class_check action=maybe_recompile pc=0x0000000002b3d95c method=java.util.HashMap.getNode(ILjava/lang/Object;)Ljava/util/HashMap$Node; @ 126
Event: 6.288 Thread 0x00000000571f6800 Uncommon trap: reason=class_check action=maybe_recompile pc=0x0000000002b3d95c method=java.util.HashMap.getNode(ILjava/lang/Object;)Ljava/util/HashMap$Node; @ 126

Internal exceptions (10 events):
Event: 0.697 Thread 0x00000000587ee800 Exception <a 'java/io/FileNotFoundException'> (0x00000000e5c14aa8) thrown at [D:\re\workspace\8-2-build-windows-amd64-cygwin\jdk8u20\1074\hotspot\src\share\vm\prims\jni.cpp, line 716]
Event: 0.698 Thread 0x00000000587ee800 Exception <a 'java/security/PrivilegedActionException'> (0x00000000e5c25a58) thrown at [D:\re\workspace\8-2-build-windows-amd64-cygwin\jdk8u20\1074\hotspot\src\share\vm\prims\jvm.cpp, line 1275]
Event: 0.700 Thread 0x00000000587ee800 Exception <a 'java/security/PrivilegedActionException'> (0x00000000e5c294b8) thrown at [D:\re\workspace\8-2-build-windows-amd64-cygwin\jdk8u20\1074\hotspot\src\share\vm\prims\jvm.cpp, line 1275]
Event: 0.701 Thread 0x00000000587ee800 Exception <a 'java/security/PrivilegedActionException'> (0x00000000e5c2d628) thrown at [D:\re\workspace\8-2-build-windows-amd64-cygwin\jdk8u20\1074\hotspot\src\share\vm\prims\jvm.cpp, line 1275]
Event: 0.703 Thread 0x00000000587ee800 Exception <a 'java/security/PrivilegedActionException'> (0x00000000e5c31c30) thrown at [D:\re\workspace\8-2-build-windows-amd64-cygwin\jdk8u20\1074\hotspot\src\share\vm\prims\jvm.cpp, line 1275]
Event: 0.712 Thread 0x00000000587ee800 Exception <a 'java/security/PrivilegedActionException'> (0x00000000e5c363d0) thrown at [D:\re\workspace\8-2-build-windows-amd64-cygwin\jdk8u20\1074\hotspot\src\share\vm\prims\jvm.cpp, line 1275]
Event: 0.730 Thread 0x00000000587ee800 Exception <a 'java/security/PrivilegedActionException'> (0x00000000e5c3a240) thrown at [D:\re\workspace\8-2-build-windows-amd64-cygwin\jdk8u20\1074\hotspot\src\share\vm\prims\jvm.cpp, line 1275]
Event: 0.762 Thread 0x00000000587ee800 Exception <a 'java/security/PrivilegedActionException'> (0x00000000e5c92a90) thrown at [D:\re\workspace\8-2-build-windows-amd64-cygwin\jdk8u20\1074\hotspot\src\share\vm\prims\jvm.cpp, line 1275]
Event: 10.898 Thread 0x00000000587ee800 Exception <a 'java/security/PrivilegedActionException'> (0x00000000e79c1818) thrown at [D:\re\workspace\8-2-build-windows-amd64-cygwin\jdk8u20\1074\hotspot\src\share\vm\prims\jvm.cpp, line 1275]
Event: 10.899 Thread 0x00000000587ee800 Exception <a 'java/security/PrivilegedActionException'> (0x00000000e79c4dd8) thrown at [D:\re\workspace\8-2-build-windows-amd64-cygwin\jdk8u20\1074\hotspot\src\share\vm\prims\jvm.cpp, line 1275]

Events (10 events):
Event: 6.288 Thread 0x00000000571f6800 DEOPT PACKING pc=0x0000000002b3d95c sp=0x000000005821cb50
Event: 6.288 Thread 0x00000000571f6800 DEOPT UNPACKING pc=0x00000000028f556a sp=0x000000005821cac0 mode 2
Event: 6.288 Thread 0x00000000571f6800 Uncommon trap: trap_request=0xffffffde fr.pc=0x0000000002b3d95c
Event: 6.288 Thread 0x00000000571f6800 DEOPT PACKING pc=0x0000000002b3d95c sp=0x000000005821cb90
Event: 6.288 Thread 0x00000000571f6800 DEOPT UNPACKING pc=0x00000000028f556a sp=0x000000005821cb00 mode 2
Event: 10.898 Thread 0x0000000058818000 Thread exited: 0x0000000058818000
Event: 10.898 loading class com/mauro/javaduino/view/JuegoView
Event: 10.898 loading class com/mauro/javaduino/view/JuegoView done
Event: 10.899 loading class com/mauro/javaduino/view/JuegoView$2
Event: 10.899 loading class com/mauro/javaduino/view/JuegoView$2 done


Dynamic libraries:
0x000000013feb0000 - 0x000000013fee4000 	C:\Program Files\Java\jdk1.8.0_20\bin\javaw.exe
0x0000000077530000 - 0x00000000776d9000 	C:\Windows\SYSTEM32\ntdll.dll
0x0000000077410000 - 0x000000007752f000 	C:\Windows\system32\kernel32.dll
0x000007fefd650000 - 0x000007fefd6bb000 	C:\Windows\system32\KERNELBASE.dll
0x000007fefe770000 - 0x000007fefe84b000 	C:\Windows\system32\ADVAPI32.dll
0x000007fefe850000 - 0x000007fefe8ef000 	C:\Windows\system32\msvcrt.dll
0x000007fefe450000 - 0x000007fefe46f000 	C:\Windows\SYSTEM32\sechost.dll
0x000007fefd9c0000 - 0x000007fefdaed000 	C:\Windows\system32\RPCRT4.dll
0x0000000077310000 - 0x000000007740a000 	C:\Windows\system32\USER32.dll
0x000007fefe6a0000 - 0x000007fefe707000 	C:\Windows\system32\GDI32.dll
0x000007fefd9b0000 - 0x000007fefd9be000 	C:\Windows\system32\LPK.dll
0x000007fefe8f0000 - 0x000007fefe9b9000 	C:\Windows\system32\USP10.dll
0x000007fefbdf0000 - 0x000007fefbfe4000 	C:\Windows\WinSxS\amd64_microsoft.windows.common-controls_6595b64144ccf1df_6.0.7601.17514_none_fa396087175ac9ac\COMCTL32.dll
0x000007fefd930000 - 0x000007fefd9a1000 	C:\Windows\system32\SHLWAPI.dll
0x000007fefea80000 - 0x000007fefeaae000 	C:\Windows\system32\IMM32.DLL
0x000007fefdf30000 - 0x000007fefe039000 	C:\Windows\system32\MSCTF.dll
0x00000000692d0000 - 0x00000000693a2000 	C:\Program Files\Java\jdk1.8.0_20\jre\bin\msvcr100.dll
0x0000000060c10000 - 0x0000000061468000 	C:\Program Files\Java\jdk1.8.0_20\jre\bin\server\jvm.dll
0x000007fee8170000 - 0x000007fee8179000 	C:\Windows\system32\WSOCK32.dll
0x000007fefe470000 - 0x000007fefe4bd000 	C:\Windows\system32\WS2_32.dll
0x000007fefdcc0000 - 0x000007fefdcc8000 	C:\Windows\system32\NSI.dll
0x000007fefa8f0000 - 0x000007fefa92b000 	C:\Windows\system32\WINMM.dll
0x00000000776f0000 - 0x00000000776f7000 	C:\Windows\system32\PSAPI.DLL
0x000000006b610000 - 0x000000006b61f000 	C:\Program Files\Java\jdk1.8.0_20\jre\bin\verify.dll
0x000000006a240000 - 0x000000006a268000 	C:\Program Files\Java\jdk1.8.0_20\jre\bin\java.dll
0x0000000069df0000 - 0x0000000069e06000 	C:\Program Files\Java\jdk1.8.0_20\jre\bin\zip.dll
0x000007fefeab0000 - 0x000007feff838000 	C:\Windows\system32\SHELL32.dll
0x000007fefe040000 - 0x000007fefe243000 	C:\Windows\system32\ole32.dll
0x000007fefd480000 - 0x000007fefd48f000 	C:\Windows\system32\profapi.dll
0x00000000621f0000 - 0x0000000062388000 	C:\Program Files\Java\jdk1.8.0_20\jre\bin\awt.dll
0x000007fefd850000 - 0x000007fefd927000 	C:\Windows\system32\OLEAUT32.dll
0x000007fefbc10000 - 0x000007fefbc66000 	C:\Windows\system32\uxtheme.dll
0x000007fefb830000 - 0x000007fefb848000 	C:\Windows\system32\dwmapi.dll
0x000007fefd370000 - 0x000007fefd37f000 	C:\Windows\system32\CRYPTBASE.dll
0x00000000698e0000 - 0x0000000069911000 	C:\Program Files\Java\jdk1.8.0_20\jre\bin\jpeg.dll
0x0000000180000000 - 0x0000000180025000 	C:\Program Files\Java\jdk1.8.0_20\bin\rxtxSerial.dll
0x0000000069690000 - 0x00000000696d7000 	C:\Program Files\Java\jdk1.8.0_20\jre\bin\fontmanager.dll
0x000007fefe9e0000 - 0x000007fefea79000 	C:\Windows\system32\CLBCatQ.DLL
0x0000000069670000 - 0x000000006968a000 	C:\Program Files\Java\jdk1.8.0_20\jre\bin\net.dll
0x000007fefccb0000 - 0x000007fefcd05000 	C:\Windows\system32\mswsock.dll
0x000007fefcca0000 - 0x000007fefcca7000 	C:\Windows\System32\wship6.dll
0x0000000069650000 - 0x0000000069661000 	C:\Program Files\Java\jdk1.8.0_20\jre\bin\nio.dll
0x0000000069440000 - 0x0000000069481000 	C:\Program Files\Java\jdk1.8.0_20\jre\bin\t2k.dll
0x000007fee18c0000 - 0x000007fee19e5000 	C:\Windows\system32\dbghelp.dll

VM Arguments:
jvm_args: -Dfile.encoding=UTF-8 
java_command: com.mauro.javaduino.view.InicioView
java_class_path (initial): D:\workspaces\prueba\java-arduino\target\classes;D:\workspaces\prueba\utilitario-01\target\classes;C:\Users\MF\.m2\repository\rxtx\rxtx-comm\2.1\rxtx-comm-2.1.jar
Launcher Type: SUN_STANDARD

Environment Variables:
JAVA_HOME=C:\Program Files\Java\jdk1.8.0_20
PATH=C:/Program Files/Java/jre1.8.0_20/bin/server;C:/Program Files/Java/jre1.8.0_20/bin;C:/Program Files/Java/jre1.8.0_20/lib/amd64;C:\app\MF\product\11.1.0\db_2\bin;C:\ProgramData\Oracle\Java\javapath;C:\Windows\system32;C:\Windows;C:\Windows\System32\Wbem;C:\Windows\System32\WindowsPowerShell\v1.0\;C:\Program Files (x86)\Intel\OpenCL SDK\2.0\bin\x86;C:\Program Files (x86)\Intel\OpenCL SDK\2.0\bin\x64;C:\Program Files\Java\jdk1.8.0_20\bin;C:\Program Files\nodejs\;D:\tools\apache-maven-3.3.3\bin;C:\Program Files (x86)\Rational\common;c:\Program Files\Microsoft SQL Server\110\Tools\Binn\;c:\Program Files (x86)\Microsoft SQL Server\110\Tools\Binn\;c:\Program Files\Microsoft SQL Server\110\DTS\Binn\;c:\Program Files (x86)\Microsoft SQL Server\110\Tools\Binn\ManagementStudio\;c:\Program Files (x86)\Microsoft SQL Server\110\DTS\Binn\;C:\Program Files (x86)\Brackets\command;D:\tools\apache-maven-3.3.3\bin;C:\Program Files (x86)\Git\bin;C:\wamp64\bin\mysql\mysql5.7.11\bin;C:\Windows\Microsoft.NET\Framework64\v4.0.30319;C:\Program Files (x86)\Windows Kits\8.1\Windows Performance Toolkit\;C:\Program Files (x86)\Skype\Phone\;C:\Users\MF\AppData\Roaming\npm;D:\tools\eclipse-jee-mars-R-win32-x86_64;
USERNAME=MF
OS=Windows_NT
PROCESSOR_IDENTIFIER=Intel64 Family 6 Model 42 Stepping 7, GenuineIntel



---------------  S Y S T E M  ---------------

OS: Windows 7 , 64 bit Build 7601 Service Pack 1

CPU:total 4 (2 cores per cpu, 2 threads per core) family 6 model 42 stepping 7, cmov, cx8, fxsr, mmx, sse, sse2, sse3, ssse3, sse4.1, sse4.2, popcnt, avx, clmul, ht, tsc, tscinvbit

Memory: 4k page, physical 5189488k(953260k free), swap 10377112k(3649716k free)

vm_info: Java HotSpot(TM) 64-Bit Server VM (25.20-b23) for windows-amd64 JRE (1.8.0_20-b26), built on Jul 30 2014 13:51:23 by "java_re" with MS VC++ 10.0 (VS2010)

time: Sun Oct 23 22:37:27 2016
elapsed time: 10 seconds (0d 0h 0m 10s)

